Info: Starting: Create block symbol file (.bsf)
Info: qsys-generate C:\Users\andre\Documents\GitHub\Sistemas-en-Chip\minios\miniosII.qsys --block-symbol-file --output-directory=C:\Users\andre\Documents\GitHub\Sistemas-en-Chip\minios\miniosII --family="Cyclone IV E" --part=EP4CE22F17C6
Progress: Loading minios/miniosII.qsys
Progress: Reading input file
Progress: Adding clk_0 [clock_source 22.1]
Progress: Parameterizing module clk_0
Progress: Adding jtag_uart_0 [altera_avalon_jtag_uart 22.1]
Progress: Parameterizing module jtag_uart_0
Progress: Adding nios2_gen2_0 [altera_nios2_gen2 22.1]
Progress: Parameterizing module nios2_gen2_0
Progress: Adding onchip_memory2_0 [altera_avalon_onchip_memory2 22.1]
Progress: Parameterizing module onchip_memory2_0
Progress: Adding sysid_qsys_0 [altera_avalon_sysid_qsys 22.1]
Progress: Parameterizing module sysid_qsys_0
Progress: Building connections
Progress: Parameterizing connections
Progress: Validating
Progress: Done reading input file
Info: miniosII.jtag_uart_0: JTAG UART IP input clock need to be at least double (2x) the operating frequency of JTAG TCK on board
Info: miniosII.sysid_qsys_0: System ID is not assigned automatically. Edit the System ID parameter to provide a unique ID
Info: miniosII.sysid_qsys_0: Time stamp will be automatically updated when this component is generated.
Info: qsys-generate succeeded.
Info: Finished: Create block symbol file (.bsf)
Info: 
Info: Starting: Create HDL design files for synthesis
Info: qsys-generate C:\Users\andre\Documents\GitHub\Sistemas-en-Chip\minios\miniosII.qsys --synthesis=VERILOG --output-directory=C:\Users\andre\Documents\GitHub\Sistemas-en-Chip\minios\miniosII\synthesis --family="Cyclone IV E" --part=EP4CE22F17C6
Progress: Loading minios/miniosII.qsys
Progress: Reading input file
Progress: Adding clk_0 [clock_source 22.1]
Progress: Parameterizing module clk_0
Progress: Adding jtag_uart_0 [altera_avalon_jtag_uart 22.1]
Progress: Parameterizing module jtag_uart_0
Progress: Adding nios2_gen2_0 [altera_nios2_gen2 22.1]
Progress: Parameterizing module nios2_gen2_0
Progress: Adding onchip_memory2_0 [altera_avalon_onchip_memory2 22.1]
Progress: Parameterizing module onchip_memory2_0
Progress: Adding sysid_qsys_0 [altera_avalon_sysid_qsys 22.1]
Progress: Parameterizing module sysid_qsys_0
Progress: Building connections
Progress: Parameterizing connections
Progress: Validating
Progress: Done reading input file
Info: miniosII.jtag_uart_0: JTAG UART IP input clock need to be at least double (2x) the operating frequency of JTAG TCK on board
Info: miniosII.sysid_qsys_0: System ID is not assigned automatically. Edit the System ID parameter to provide a unique ID
Info: miniosII.sysid_qsys_0: Time stamp will be automatically updated when this component is generated.
Info: miniosII: Generating miniosII "miniosII" for QUARTUS_SYNTH
Info: jtag_uart_0: Starting RTL generation for module 'miniosII_jtag_uart_0'
Info: jtag_uart_0:   Generation command is [exec C:/intelfpga_lite/22.1std/quartus/bin64/perl/bin/perl.exe -I C:/intelfpga_lite/22.1std/quartus/bin64/perl/lib -I C:/intelfpga_lite/22.1std/quartus/sopc_builder/bin/europa -I C:/intelfpga_lite/22.1std/quartus/sopc_builder/bin -I C:/intelfpga_lite/22.1std/quartus/../ip/altera/sopc_builder_ip/common -I C:/intelfpga_lite/22.1std/quartus/../ip/altera/sopc_builder_ip/altera_avalon_jtag_uart -- C:/intelfpga_lite/22.1std/quartus/../ip/altera/sopc_builder_ip/altera_avalon_jtag_uart/generate_rtl.pl --name=miniosII_jtag_uart_0 --dir=C:/Users/andre/AppData/Local/Temp/alt9647_5031770176173777721.dir/0002_jtag_uart_0_gen/ --quartus_dir=C:/intelfpga_lite/22.1std/quartus --verilog --config=C:/Users/andre/AppData/Local/Temp/alt9647_5031770176173777721.dir/0002_jtag_uart_0_gen//miniosII_jtag_uart_0_component_configuration.pl  --do_build_sim=0  ]
Info: jtag_uart_0: Done RTL generation for module 'miniosII_jtag_uart_0'
Info: jtag_uart_0: "miniosII" instantiated altera_avalon_jtag_uart "jtag_uart_0"
Info: nios2_gen2_0: "miniosII" instantiated altera_nios2_gen2 "nios2_gen2_0"
Info: onchip_memory2_0: Starting RTL generation for module 'miniosII_onchip_memory2_0'
Info: onchip_memory2_0:   Generation command is [exec C:/intelfpga_lite/22.1std/quartus/bin64/perl/bin/perl.exe -I C:/intelfpga_lite/22.1std/quartus/bin64/perl/lib -I C:/intelfpga_lite/22.1std/quartus/sopc_builder/bin/europa -I C:/intelfpga_lite/22.1std/quartus/sopc_builder/bin -I C:/intelfpga_lite/22.1std/quartus/../ip/altera/sopc_builder_ip/common -I C:/intelfpga_lite/22.1std/quartus/../ip/altera/sopc_builder_ip/altera_avalon_onchip_memory2 -- C:/intelfpga_lite/22.1std/quartus/../ip/altera/sopc_builder_ip/altera_avalon_onchip_memory2/generate_rtl.pl --name=miniosII_onchip_memory2_0 --dir=C:/Users/andre/AppData/Local/Temp/alt9647_5031770176173777721.dir/0003_onchip_memory2_0_gen/ --quartus_dir=C:/intelfpga_lite/22.1std/quartus --verilog --config=C:/Users/andre/AppData/Local/Temp/alt9647_5031770176173777721.dir/0003_onchip_memory2_0_gen//miniosII_onchip_memory2_0_component_configuration.pl  --do_build_sim=0  ]
Info: onchip_memory2_0: Done RTL generation for module 'miniosII_onchip_memory2_0'
Info: onchip_memory2_0: "miniosII" instantiated altera_avalon_onchip_memory2 "onchip_memory2_0"
Info: sysid_qsys_0: "miniosII" instantiated altera_avalon_sysid_qsys "sysid_qsys_0"
Info: avalon_st_adapter: Inserting error_adapter: error_adapter_0
Info: avalon_st_adapter_001: Inserting error_adapter: error_adapter_0
Info: avalon_st_adapter_002: Inserting error_adapter: error_adapter_0
Info: avalon_st_adapter_003: Inserting error_adapter: error_adapter_0
Info: mm_interconnect_0: "miniosII" instantiated altera_mm_interconnect "mm_interconnect_0"
Info: irq_mapper: "miniosII" instantiated altera_irq_mapper "irq_mapper"
Info: rst_controller: "miniosII" instantiated altera_reset_controller "rst_controller"
Info: cpu: Starting RTL generation for module 'miniosII_nios2_gen2_0_cpu'
Info: cpu:   Generation command is [exec C:/intelFPGA_lite/22.1std/quartus/bin64//perl/bin/perl.exe -I C:/intelFPGA_lite/22.1std/quartus/bin64//perl/lib -I C:/intelfpga_lite/22.1std/quartus/sopc_builder/bin/europa -I C:/intelfpga_lite/22.1std/quartus/sopc_builder/bin -I C:/intelfpga_lite/22.1std/quartus/../ip/altera/nios2_ip/altera_nios2_gen2/cpu_lib -I C:/intelfpga_lite/22.1std/quartus/../ip/altera/nios2_ip/altera_nios2_gen2/nios_lib -I C:/intelfpga_lite/22.1std/quartus/../ip/altera/nios2_ip/altera_nios2_gen2 -I C:/intelfpga_lite/22.1std/quartus/../ip/altera/nios2_ip/altera_nios2_gen2 -- C:/intelfpga_lite/22.1std/quartus/../ip/altera/nios2_ip/altera_nios2_gen2/generate_rtl.pl --name=miniosII_nios2_gen2_0_cpu --dir=C:/Users/andre/AppData/Local/Temp/alt9647_5031770176173777721.dir/0007_cpu_gen/ --quartus_bindir=C:/intelFPGA_lite/22.1std/quartus/bin64/ --verilog --config=C:/Users/andre/AppData/Local/Temp/alt9647_5031770176173777721.dir/0007_cpu_gen//miniosII_nios2_gen2_0_cpu_processor_configuration.pl  --do_build_sim=0  ]
Info: cpu: # 2023.10.16 19:13:27 (*) Starting Nios II generation
Info: cpu: # 2023.10.16 19:13:27 (*)   Elaborating CPU configuration settings
Info: cpu: # 2023.10.16 19:13:28 (*)   Creating all objects for CPU
Info: cpu: # 2023.10.16 19:13:28 (*)     Testbench
Info: cpu: # 2023.10.16 19:13:28 (*)     Instruction decoding
Info: cpu: # 2023.10.16 19:13:28 (*)       Instruction fields
Info: cpu: # 2023.10.16 19:13:28 (*)       Instruction decodes
Info: cpu: # 2023.10.16 19:13:28 (*)       Signals for RTL simulation waveforms
Info: cpu: # 2023.10.16 19:13:28 (*)       Instruction controls
Info: cpu: # 2023.10.16 19:13:28 (*)     Pipeline frontend
Info: cpu: # 2023.10.16 19:13:28 (*)     Pipeline backend
Info: cpu: # 2023.10.16 19:13:29 (*)   Generating RTL from CPU objects
Info: cpu: # 2023.10.16 19:13:29 (*)   Creating plain-text RTL
Info: cpu: # 2023.10.16 19:13:30 (*) Done Nios II generation
Info: cpu: Done RTL generation for module 'miniosII_nios2_gen2_0_cpu'
Info: cpu: "nios2_gen2_0" instantiated altera_nios2_gen2_unit "cpu"
Info: nios2_gen2_0_data_master_translator: "mm_interconnect_0" instantiated altera_merlin_master_translator "nios2_gen2_0_data_master_translator"
Info: jtag_uart_0_avalon_jtag_slave_translator: "mm_interconnect_0" instantiated altera_merlin_slave_translator "jtag_uart_0_avalon_jtag_slave_translator"
Info: nios2_gen2_0_data_master_agent: "mm_interconnect_0" instantiated altera_merlin_master_agent "nios2_gen2_0_data_master_agent"
Info: jtag_uart_0_avalon_jtag_slave_agent: "mm_interconnect_0" instantiated altera_merlin_slave_agent "jtag_uart_0_avalon_jtag_slave_agent"
Info: jtag_uart_0_avalon_jtag_slave_agent_rsp_fifo: "mm_interconnect_0" instantiated altera_avalon_sc_fifo "jtag_uart_0_avalon_jtag_slave_agent_rsp_fifo"
Info: router: "mm_interconnect_0" instantiated altera_merlin_router "router"
Info: router_002: "mm_interconnect_0" instantiated altera_merlin_router "router_002"
Info: nios2_gen2_0_data_master_limiter: "mm_interconnect_0" instantiated altera_merlin_traffic_limiter "nios2_gen2_0_data_master_limiter"
Info: Reusing file C:/Users/andre/Documents/GitHub/Sistemas-en-Chip/minios/miniosII/synthesis/submodules/altera_avalon_sc_fifo.v
Info: cmd_demux: "mm_interconnect_0" instantiated altera_merlin_demultiplexer "cmd_demux"
Info: cmd_mux: "mm_interconnect_0" instantiated altera_merlin_multiplexer "cmd_mux"
Info: rsp_demux: "mm_interconnect_0" instantiated altera_merlin_demultiplexer "rsp_demux"
Info: rsp_mux: "mm_interconnect_0" instantiated altera_merlin_multiplexer "rsp_mux"
Info: Reusing file C:/Users/andre/Documents/GitHub/Sistemas-en-Chip/minios/miniosII/synthesis/submodules/altera_merlin_arbitrator.sv
Info: avalon_st_adapter: "mm_interconnect_0" instantiated altera_avalon_st_adapter "avalon_st_adapter"
Info: error_adapter_0: "avalon_st_adapter" instantiated error_adapter "error_adapter_0"
Info: miniosII: Done "miniosII" with 23 modules, 44 files
Info: qsys-generate succeeded.
Info: Finished: Create HDL design files for synthesis
